<?xml version="1.0" encoding="UTF-8"?>
<testsuite xmlns:xsi="http://www.w3.org/2001/XMLSchema-instance" xsi:noNamespaceSchemaLocation="https://maven.apache.org/surefire/maven-surefire-plugin/xsd/surefire-test-report-3.0.xsd" version="3.0" name="com.multivendor.concurrency.BookingConcurrencyTest" time="20.272" tests="1" errors="0" skipped="0" failures="0">
  <properties>
[...]
</properties>
  <testcase name="testParallelDoubleBookingPrevention" classname="com.multivendor.concurrency.BookingConcurrencyTest" time="2.931">
    <system-out><![CDATA[12:40:17.483 [main] INFO org.springframework.test.context.support.AnnotationConfigContextLoaderUtils -- Could not detect default configuration classes for test class [com.multivendor.concurrency.BookingConcurrencyTest]: BookingConcurrencyTest does not declare any static, non-private, non-final, nested classes annotated with @Configuration.
12:40:17.737 [main] INFO org.springframework.boot.test.context.SpringBootTestContextBootstrapper -- Found @SpringBootConfiguration com.multivendor.MultiVendorApplication for test class com.multivendor.concurrency.BookingConcurrencyTest

  .   ____          _            __ _ _
 /\\ / ___'_ __ _ _(_)_ __  __ _ \ \ \ \
( ( )\___ | '_ | '_| | '_ \/ _` | \ \ \ \
 \\/  ___)| |_)| | | | | || (_| |  ) ) ) )
  '  |____| .__|_| |_|_| |_\__, | / / / /
 =========|_|==============|___/=/_/_/_/
 :: Spring Boot ::                (v3.2.5)

2026-08-07T12:40:18.859+05:30  INFO 14348 --- [multivendor-backend] [           main] c.m.concurrency.BookingConcurrencyTest   : Starting BookingConcurrencyTest using Java 21.0.9 with PID 14348 (started by ravin in C:\Users\ravin\Documents\Codex\2026-07-17\gi\outputs\MultiVendor\backend)
2026-08-07T12:40:18.866+05:30  INFO 14348 --- [multivendor-backend] [           main] c.m.concurrency.BookingConcurrencyTest   : The following 1 profile is active: "test"
2026-08-07T12:40:21.169+05:30  INFO 14348 --- [multivendor-backend] [           main] .s.d.r.c.RepositoryConfigurationDelegate : Bootstrapping Spring Data JPA repositories in DEFAULT mode.
2026-08-07T12:40:21.350+05:30  INFO 14348 --- [multivendor-backend] [           main] .s.d.r.c.RepositoryConfigurationDelegate : Finished Spring Data repository scanning in 162 ms. Found 6 JPA repository interfaces.
2026-08-07T12:40:22.811+05:30  INFO 14348 --- [multivendor-backend] [           main] o.hibernate.jpa.internal.util.LogHelper  : HHH000204: Processing PersistenceUnitInfo [name: default]
2026-08-07T12:40:23.034+05:30  INFO 14348 --- [multivendor-backend] [           main] org.hibernate.Version                    : HHH000412: Hibernate ORM core version 6.4.4.Final
2026-08-07T12:40:23.128+05:30  INFO 14348 --- [multivendor-backend] [           main] o.h.c.internal.RegionFactoryInitiator    : HHH000026: Second-level cache disabled
2026-08-07T12:40:23.963+05:30  INFO 14348 --- [multivendor-backend] [           main] o.s.o.j.p.SpringPersistenceUnitInfo      : No LoadTimeWeaver setup: ignoring JPA class transformer
2026-08-07T12:40:24.037+05:30  INFO 14348 --- [multivendor-backend] [           main] com.zaxxer.hikari.HikariDataSource       : HikariPool-1 - Starting...
2026-08-07T12:40:24.400+05:30  INFO 14348 --- [multivendor-backend] [           main] com.zaxxer.hikari.pool.HikariPool        : HikariPool-1 - Added connection com.mysql.cj.jdbc.ConnectionImpl@40538370
2026-08-07T12:40:24.405+05:30  INFO 14348 --- [multivendor-backend] [           main] com.zaxxer.hikari.HikariDataSource       : HikariPool-1 - Start completed.
2026-08-07T12:40:24.513+05:30  WARN 14348 --- [multivendor-backend] [           main] org.hibernate.orm.deprecation            : HHH90000025: MySQLDialect does not need to be specified explicitly using 'hibernate.dialect' (remove the property setting and it will be selected by default)
2026-08-07T12:40:26.788+05:30  INFO 14348 --- [multivendor-backend] [           main] o.h.e.t.j.p.i.JtaPlatformInitiator       : HHH000489: No JTA platform available (set 'hibernate.transaction.jta.platform' to enable JTA platform integration)
2026-08-07T12:40:27.176+05:30  INFO 14348 --- [multivendor-backend] [           main] j.LocalContainerEntityManagerFactoryBean : Initialized JPA EntityManagerFactory for persistence unit 'default'
2026-08-07T12:40:28.311+05:30  INFO 14348 --- [multivendor-backend] [           main] o.s.d.j.r.query.QueryEnhancerFactory     : Hibernate is in classpath; If applicable, HQL parser will be used.
2026-08-07T12:40:33.234+05:30  INFO 14348 --- [multivendor-backend] [           main] c.m.concurrency.BookingConcurrencyTest   : Started BookingConcurrencyTest in 15.145 seconds (process running for 17.502)
2026-08-07T12:40:33.241+05:30  INFO 14348 --- [multivendor-backend] [           main] com.multivendor.config.DataInitializer   : 🧹 Initiating FULL Database Reset (Transaction History, Earnings, Bookings & Custom Users)...
2026-08-07T12:40:33.602+05:30  INFO 14348 --- [multivendor-backend] [           main] com.multivendor.config.DataInitializer   : ✅ Wiped out all booking transaction history and confirmed earnings.
2026-08-07T12:40:33.781+05:30  INFO 14348 --- [multivendor-backend] [           main] com.multivendor.config.DataInitializer   : ✅ Reset all availability slots to AVAILABLE status.
2026-08-07T12:40:33.893+05:30  INFO 14348 --- [multivendor-backend] [           main] com.multivendor.config.DataInitializer   : 🗑️ Deleted custom user account & data: ravindrachavan265125@gmail.com
2026-08-07T12:40:33.973+05:30  INFO 14348 --- [multivendor-backend] [           main] com.multivendor.config.DataInitializer   : 🗑️ Deleted custom user account & data: Ravindrachavan2651@gmail.com
2026-08-07T12:40:34.051+05:30  INFO 14348 --- [multivendor-backend] [           main] com.multivendor.config.DataInitializer   : 🗑️ Deleted custom user account & data: vendor.marcus@multivendor.com
2026-08-07T12:40:34.132+05:30  INFO 14348 --- [multivendor-backend] [           main] com.multivendor.config.DataInitializer   : 🗑️ Deleted custom user account & data: vendor.elena@multivendor.com
2026-08-07T12:40:34.200+05:30  INFO 14348 --- [multivendor-backend] [           main] com.multivendor.config.DataInitializer   : 🗑️ Deleted custom user account & data: vendor.vikram@multivendor.com
2026-08-07T12:40:34.274+05:30  INFO 14348 --- [multivendor-backend] [           main] com.multivendor.config.DataInitializer   : 🗑️ Deleted custom user account & data: vendor.chloe@multivendor.com
2026-08-07T12:40:34.343+05:30  INFO 14348 --- [multivendor-backend] [           main] com.multivendor.config.DataInitializer   : 🗑️ Deleted custom user account & data: vendor.david@multivendor.com
2026-08-07T12:40:34.365+05:30  INFO 14348 --- [multivendor-backend] [           main] com.multivendor.config.DataInitializer   : ✨ Full Reset Complete! All earnings ($0.00), confirmed bookings (0), and transaction history are clear.
]]></system-out>
    <system-err><![CDATA[WARNING: A Java agent has been loaded dynamically (C:\Users\ravin\.m2\repository\net\bytebuddy\byte-buddy-agent\1.14.13\byte-buddy-agent-1.14.13.jar)
WARNING: If a serviceability tool is in use, please run with -XX:+EnableDynamicAgentLoading to hide this warning
WARNING: If a serviceability tool is not in use, please run with -Djdk.instrument.traceUsage for more information
WARNING: Dynamic loading of agents will be disallowed by default in a future release
]]></system-err>
  </testcase>
</testsuite>